12345
123456
1234567
12345678
123456789
987654321
9876543210
54321
543210
12345
102030405060708090
123456789
123456789
Password
password
PASSWORD
PaSsWoRd
pAsSwOrD
passw0rd
wordpass
pass123
pass321
QWERTY
Qwerty
qwerty
qwertyuiop
letmein
1234567
football
futbol
teamomadre
iloveyou
admin
administrador
welcome
monkey
login
abc123
starwars
123321
123123
dragon
dragonball
naruto
master
madre
hello
hola
libre
qazwsx
666666
mama
321bca
contraseña
Mynoob
computadora
123456
1234
a1b2c3
555555
3rjs1la7qe
Google
google
letmein
1q2w3e
lifehack
superman
princess
shadow
Yahoo
1q2w3e4r5t
654321
123qwe
123
1q2w3e4r
Zxcvbnm
7777777
batman
micuenta
internet
WLAN
goku
vegetta
consumer
micompu
pdf
universidad
doc
dejameentrar
entro
pass
xxx
ciudad
dinero
prueba
carmen
iniciosesion
yo
sesion
cuenta
Mickey
secreto
baseball
dragon
privacidad
privacity
city
secret
secreta
verano
Internet
internet
user
usuario
usuario1
user1
user2
usuario2
user3
usuario3